lib_tools/sample/build/intermediates/manifest_merge_blame_file/debug/manifest-merger-blame-debug-report.txt
1<?xml version="1.0" encoding="utf-8"?>
2<manifest xmlns:android="http://schemas.android.com/apk/res/android"
3    package="com.dunn.tools.sample"
4    android:versionCode="3"
5    android:versionName="1.0.0" >
6
7    <uses-sdk
8        android:minSdkVersion="17"
8-->src\main\AndroidManifest.xml
9        android:targetSdkVersion="22" />
9-->src\main\AndroidManifest.xml
10    <!-- android:sharedUserId="android.uid.system" -->
11
12    <uses-permission android:name="android.permission.INTERNET" />
12-->src\main\AndroidManifest.xml:7:5-66
12-->src\main\AndroidManifest.xml:7:22-64
13    <uses-permission android:name="android.permission.WRITE_EXTERNAL_STORAGE" />
13-->src\main\AndroidManifest.xml:8:5-80
13-->src\main\AndroidManifest.xml:8:22-78
14    <uses-permission android:name="android.permission.READ_EXTERNAL_STORAGE" />
14-->src\main\AndroidManifest.xml:9:5-79
14-->src\main\AndroidManifest.xml:9:22-77
15    <uses-permission android:name="android.permission.WRITE_EXTERNAL_STORAGE" />
15-->src\main\AndroidManifest.xml:8:5-80
15-->src\main\AndroidManifest.xml:8:22-78
16    <uses-permission android:name="android.permission.READ_EXTERNAL_STORAGE" />
16-->src\main\AndroidManifest.xml:9:5-79
16-->src\main\AndroidManifest.xml:9:22-77
17    <uses-permission android:name="android.permission.REBOOT" />
17-->src\main\AndroidManifest.xml:12:5-65
17-->src\main\AndroidManifest.xml:12:22-62
18    <uses-permission android:name="android.permission.ACCESS_NETWORK_STATE" />
18-->[:Tools] AndroidManifest.xml:11:5-79
18-->[:Tools] AndroidManifest.xml:11:22-76
19
20    <application
20-->src\main\AndroidManifest.xml:14:5-36:19
21        android:name="androidx.multidex.MultiDexApplication"
22        android:allowBackup="true"
22-->src\main\AndroidManifest.xml:15:9-35
23        android:appComponentFactory="androidx.core.app.CoreComponentFactory"
23-->[androidx.core:core:1.0.0] AndroidManifest.xml:22:18-86
24        android:debuggable="true"
25        android:icon="@mipmap/ic_launcher"
25-->src\main\AndroidManifest.xml:16:9-43
26        android:label="@string/app_name"
26-->src\main\AndroidManifest.xml:17:9-41
27        android:roundIcon="@mipmap/ic_launcher_round"
27-->src\main\AndroidManifest.xml:18:9-54
28        android:supportsRtl="true"
28-->src\main\AndroidManifest.xml:19:9-35
29        android:testOnly="true"
30        android:theme="@style/AppTheme" >
30-->src\main\AndroidManifest.xml:20:9-40
31        <activity
31-->src\main\AndroidManifest.xml:21:9-28:20
32            android:name="com.dunn.tools.sample.MainActivity"
32-->src\main\AndroidManifest.xml:22:13-41
33            android:theme="@style/Theme.AppCompat.Light.NoActionBar" >
33-->src\main\AndroidManifest.xml:23:13-69
34            <intent-filter>
34-->src\main\AndroidManifest.xml:24:13-27:29
35                <action android:name="android.intent.action.MAIN" />
35-->src\main\AndroidManifest.xml:25:17-69
35-->src\main\AndroidManifest.xml:25:25-66
36
37                <category android:name="android.intent.category.LAUNCHER" />
37-->src\main\AndroidManifest.xml:26:17-77
37-->src\main\AndroidManifest.xml:26:27-74
38            </intent-filter>
39        </activity>
40
41        <service
41-->src\main\AndroidManifest.xml:29:9-35:19
42            android:name="com.dunn.tools.sample.ReplyService"
42-->src\main\AndroidManifest.xml:30:13-41
43            android:exported="true" >
43-->src\main\AndroidManifest.xml:31:13-36
44            <intent-filter>
44-->src\main\AndroidManifest.xml:32:13-34:29
45                <action android:name="coocaa.intent.action.remote.platform.reply" />
45-->src\main\AndroidManifest.xml:33:17-85
45-->src\main\AndroidManifest.xml:33:25-82
46            </intent-filter>
47        </service>
48
49        <meta-data
49-->[:Tools] AndroidManifest.xml:14:9-16:36
50            android:name="com.dunn.tools.get"
50-->[:Tools] AndroidManifest.xml:15:13-46
51            android:value="true" />
51-->[:Tools] AndroidManifest.xml:16:13-33
52    </application>
53
54</manifest>